Vivado Simulator 2019.2
Copyright 1986-1999, 2001-2019 Xilinx, Inc. All Rights Reserved.
Running: C:/Xilinx/Vivado/2019.2/bin/unwrapped/win64.o/xelab.exe -wto d024663d8c9145fd95e5599b0131ce29 --incr --debug typical --relax --mt 2 -L xil_defaultlib -L secureip --snapshot ALU_behav xil_defaultlib.ALU -log elaborate.log 
Using 2 slave threads.
Starting static elaboration
Completed static elaboration
Starting simulation data flow analysis
Completed simulation data flow analysis
Time Resolution for simulation is 1ps
Compiling package std.standard
Compiling package std.textio
Compiling package ieee.std_logic_1164
Compiling package ieee.numeric_std
Compiling package ieee.std_logic_arith
Compiling package ieee.std_logic_unsigned
Compiling architecture behavioral of entity xil_defaultlib.InstrF [instrf_default]
Compiling architecture behavioral of entity xil_defaultlib.ID [id_default]
Compiling architecture behavioral of entity xil_defaultlib.UC [uc_default]
Compiling architecture behavioral of entity xil_defaultlib.LU [lu_default]
Compiling architecture behavioral of entity xil_defaultlib.oneBitAdder [onebitadder_default]
Compiling architecture behavioral of entity xil_defaultlib.SumSub [sumsub_default]
Compiling architecture behavioral of entity xil_defaultlib.Mux1bitS [mux1bits_default]
Compiling architecture behavioral of entity xil_defaultlib.Rotate [rotate_default]
Compiling architecture behavioral of entity xil_defaultlib.UC_mul [uc_mul_default]
Compiling architecture behavioral of entity xil_defaultlib.registru [registru_default]
Compiling architecture behavioral of entity xil_defaultlib.rezInmultire [rezinmultire_default]
Compiling architecture behavioral of entity xil_defaultlib.flags [flags_default]
Compiling architecture behavioral of entity xil_defaultlib.inmultitor [inmultitor_default]
Compiling architecture behavioral of entity xil_defaultlib.RegStare [regstare_default]
Compiling architecture behavioral of entity xil_defaultlib.mux_32 [mux_32_default]
Compiling architecture behavioral of entity xil_defaultlib.comparator [comparator_default]
Compiling architecture behavioral of entity xil_defaultlib.UC_div [uc_div_default]
Compiling architecture behavioral of entity xil_defaultlib.rezImpartire [rezimpartire_default]
Compiling architecture behavioral of entity xil_defaultlib.div [div_default]
Compiling architecture behavioral of entity xil_defaultlib.alu
Built simulation snapshot ALU_behav
